<?xml version="1.0" encoding="UTF-8"?>
<testng-results ignored="0" total="1" passed="1" failed="0" skipped="0">
  <reporter-output>
  </reporter-output>
  <suite started-at="2021-12-09T16:12:34 IST" name="Default suite" finished-at="2021-12-09T16:12:34 IST" duration-ms="109">
    <groups>
    </groups>
    <test started-at="2021-12-09T16:12:34 IST" name="Default test" finished-at="2021-12-09T16:12:34 IST" duration-ms="109">
      <class name="com.crm.practice.GitDemo">
        <test-method signature="gitDemo()[pri:0, instance:com.crm.practice.GitDemo@5136d012]" started-at="2021-12-09T16:12:34 IST" name="gitDemo" finished-at="2021-12-09T16:12:34 IST" duration-ms="19" status="PASS">
          <reporter-output>
          </reporter-output>
        </test-method> <!-- gitDemo -->
      </class> <!-- com.crm.practice.GitDemo -->
    </test> <!-- Default test -->
  </suite> <!-- Default suite -->
</testng-results>
